[0;32m==>[0m [1;37mStarting Stage 1: ISO Partitioning[0m
NAME        MAJ:MIN RM   SIZE RO TYPE MOUNTPOINTS
loop0         7:0    0 197.2M  1 loop /snap/brave/612
loop1         7:1    0     4K  1 loop /snap/bare/5
loop2         7:2    0    74M  1 loop /snap/core22/2292
loop3         7:3    0  13.4M  1 loop /snap/canonical-livepatch/384
loop4         7:4    0    74M  1 loop /snap/core22/2411
loop5         7:5    0  66.8M  1 loop /snap/core24/1499
loop6         7:6    0  16.4M  1 loop /snap/firmware-updater/223
loop7         7:7    0 531.4M  1 loop /snap/gnome-42-2204/247
loop8         7:8    0  18.5M  1 loop /snap/firmware-updater/210
loop9         7:9    0 606.1M  1 loop /snap/gnome-46-2404/153
loop10        7:10   0  91.7M  1 loop /snap/gtk-common-themes/1535
loop11        7:11   0   395M  1 loop /snap/mesa-2404/1165
loop12        7:12   0 132.8M  1 loop /snap/jetbrains-toolbox/1
loop13        7:13   0 467.3M  1 loop /snap/python3-alt/9
loop14        7:14   0  10.8M  1 loop /snap/snap-store/1270
loop15        7:15   0  48.1M  1 loop /snap/snapd/25935
loop16        7:16   0  48.4M  1 loop /snap/snapd/26382
loop17        7:17   0   576K  1 loop /snap/snapd-desktop-integration/343
loop18        7:18   0 161.2M  1 loop /snap/spotify/92
nvme0n1     259:0    0 476.9G  0 disk 
├─nvme0n1p1 259:1    0   100M  0 part /boot/efi
├─nvme0n1p2 259:2    0    16M  0 part 
├─nvme0n1p3 259:3    0  68.9G  0 part 
├─nvme0n1p4 259:4    0  1010M  0 part 
├─nvme0n1p5 259:5    0   191M  0 part /boot
├─nvme0n1p6 259:6    0  18.6G  0 part [SWAP]
└─nvme0n1p7 259:7    0 388.1G  0 part /
[0;32mEnter Target Drive (e.g., /dev/nvme0n1):[0m
